<?xml version="1.0" encoding="UTF-8"?>
<testsuite xmlns:xsi="http://www.w3.org/2001/XMLSchema-instance" xsi:noNamespaceSchemaLocation="https://maven.apache.org/surefire/maven-surefire-plugin/xsd/surefire-test-report.xsd" name="com.example.HelloWorldTest" time="0.019" tests="3" errors="0" skipped="0" failures="0">
  <properties>
[...]
</properties>
  <testcase name="testMainWithoutArgument" classname="com.example.HelloWorldTest" time="0.014"/>
  <testcase name="testGreetWithArgument" classname="com.example.HelloWorldTest" time="0.001"/>
  <testcase name="testGreetWithAnotherArgument" classname="com.example.HelloWorldTest" time="0"/>
</testsuite>